[1031/152113:WARNING:resource_bundle.cc(304)] locale_file_path.empty()
[1031/152113:ERROR:main_delegate.cc(564)] Could not load locale pak for en-US
[1031/152113:WARNING:resource_bundle.cc(497)] locale resources are not loaded
[1031/152113:WARNING:resource_bundle.cc(304)] locale_file_path.empty()
[1031/152113:ERROR:main_delegate.cc(564)] Could not load locale pak for en-US
[1031/152113:WARNING:resource_bundle.cc(304)] locale_file_path.empty()
[1031/152113:ERROR:main_delegate.cc(564)] Could not load locale pak for en-US
[1031/152113:ERROR:renderer_main.cc(207)] Running without renderer sandbox
[1031/152115:INFO:CONSOLE(974)] "loading entry:1", source: file:///C:/Program%20Files%20(x86)/RunRev/LiveCode%20Community%208.0%20(dp%207)/Documentation/html_viewer/viewer.html (974)
[1031/152115:INFO:CONSOLE(371)] "[object Object]", source: file:///C:/Program%20Files%20(x86)/RunRev/LiveCode%20Community%208.0%20(dp%207)/Documentation/html_viewer/viewer.html (371)
[1031/152122:INFO:CONSOLE(371)] "[object Object]", source: file:///C:/Program%20Files%20(x86)/RunRev/LiveCode%20Community%208.0%20(dp%207)/Documentation/html_viewer/viewer.html (371)
[1103/190807:WARNING:resource_bundle.cc(304)] locale_file_path.empty()
[1103/190807:ERROR:main_delegate.cc(564)] Could not load locale pak for en-US
[1103/190807:WARNING:resource_bundle.cc(497)] locale resources are not loaded
[1103/190807:WARNING:resource_bundle.cc(304)] locale_file_path.empty()
[1103/190807:ERROR:main_delegate.cc(564)] Could not load locale pak for en-US
[1103/190807:WARNING:resource_bundle.cc(304)] locale_file_path.empty()
[1103/190807:ERROR:main_delegate.cc(564)] Could not load locale pak for en-US
[1103/190807:ERROR:renderer_main.cc(207)] Running without renderer sandbox
[1103/190808:INFO:CONSOLE(974)] "loading entry:1", source: file:///C:/Program%20Files%20(x86)/RunRev/LiveCode%20Community%208.0%20(dp%207)/Documentation/html_viewer/viewer.html (974)
[1103/190808:INFO:CONSOLE(371)] "[object Object]", source: file:///C:/Program%20Files%20(x86)/RunRev/LiveCode%20Community%208.0%20(dp%207)/Documentation/html_viewer/viewer.html (371)
[1103/190854:INFO:CONSOLE(371)] "[object Object]", source: file:///C:/Program%20Files%20(x86)/RunRev/LiveCode%20Community%208.0%20(dp%207)/Documentation/html_viewer/viewer.html (371)
[1104/070700:WARNING:dns_config_service_win.cc(654)] Failed to read DnsConfig.
[1104/102725:WARNING:dns_config_service_win.cc(654)] Failed to read DnsConfig.
[1105/120350:WARNING:resource_bundle.cc(304)] locale_file_path.empty()
[1105/120350:ERROR:main_delegate.cc(564)] Could not load locale pak for en-US
[1105/120350:WARNING:dns_config_service_win.cc(654)] Failed to read DnsConfig.
[1105/120350:WARNING:resource_bundle.cc(497)] locale resources are not loaded
[1105/120350:WARNING:resource_bundle.cc(304)] locale_file_path.empty()
[1105/120350:ERROR:main_delegate.cc(564)] Could not load locale pak for en-US
[1105/120350:WARNING:resource_bundle.cc(304)] locale_file_path.empty()
[1105/120350:ERROR:main_delegate.cc(564)] Could not load locale pak for en-US
[1105/120350:ERROR:renderer_main.cc(207)] Running without renderer sandbox
[1105/120352:INFO:CONSOLE(974)] "loading entry:1", source: file:///C:/Program%20Files%20(x86)/RunRev/LiveCode%20Community%208.0%20(dp%207)/Documentation/html_viewer/viewer.html (974)
[1105/120352:INFO:CONSOLE(371)] "[object Object]", source: file:///C:/Program%20Files%20(x86)/RunRev/LiveCode%20Community%208.0%20(dp%207)/Documentation/html_viewer/viewer.html (371)
[1105/120355:WARNING:dns_config_service_win.cc(654)] Failed to read DnsConfig.
[1105/120357:INFO:CONSOLE(371)] "[object Object]", source: file:///C:/Program%20Files%20(x86)/RunRev/LiveCode%20Community%208.0%20(dp%207)/Documentation/html_viewer/viewer.html (371)
[1105/120400:WARNING:dns_config_service_win.cc(654)] Failed to read DnsConfig.
[1105/120405:WARNING:dns_config_service_win.cc(654)] Failed to read DnsConfig.
[1105/120410:INFO:CONSOLE(371)] "[object Object]", source: file:///C:/Program%20Files%20(x86)/RunRev/LiveCode%20Community%208.0%20(dp%207)/Documentation/html_viewer/viewer.html (371)
[1105/120410:WARNING:dns_config_service_win.cc(654)] Failed to read DnsConfig.
[1105/120415:WARNING:dns_config_service_win.cc(654)] Failed to read DnsConfig.
[1105/120420:WARNING:dns_config_service_win.cc(654)] Failed to read DnsConfig.
[1105/120425:WARNING:dns_config_service_win.cc(654)] Failed to read DnsConfig.
[1105/120426:INFO:CONSOLE(371)] "[object Object]", source: file:///C:/Program%20Files%20(x86)/RunRev/LiveCode%20Community%208.0%20(dp%207)/Documentation/html_viewer/viewer.html (371)
[1105/120430:WARNING:dns_config_service_win.cc(654)] Failed to read DnsConfig.
[1105/120435:WARNING:dns_config_service_win.cc(654)] Failed to read DnsConfig.
[1105/120440:WARNING:dns_config_service_win.cc(654)] Failed to read DnsConfig.
[1105/120445:WARNING:dns_config_service_win.cc(654)] Failed to read DnsConfig.
[1105/120450:WARNING:dns_config_service_win.cc(654)] Failed to read DnsConfig.
[1105/120455:WARNING:dns_config_service_win.cc(654)] Failed to read DnsConfig.
[1105/120500:WARNING:dns_config_service_win.cc(654)] Failed to read DnsConfig.
[1105/120505:WARNING:dns_config_service_win.cc(654)] Failed to read DnsConfig.
[1105/120510:WARNING:dns_config_service_win.cc(654)] Failed to read DnsConfig.
[1105/120515:WARNING:dns_config_service_win.cc(654)] Failed to read DnsConfig.
[1105/120520:WARNING:dns_config_service_win.cc(654)] Failed to read DnsConfig.
[1105/120525:WARNING:dns_config_service_win.cc(654)] Failed to read DnsConfig.
[1105/120530:WARNING:dns_config_service_win.cc(654)] Failed to read DnsConfig.
[1105/120533:WARNING:message_in_transit_queue.cc(18)] Destroying nonempty message queue
[1105/120535:WARNING:dns_config_service_win.cc(654)] Failed to read DnsConfig.
[1105/120540:WARNING:dns_config_service_win.cc(654)] Failed to read DnsConfig.
[1105/120545:WARNING:dns_config_service_win.cc(654)] Failed to read DnsConfig.
[1105/120550:WARNING:dns_config_service_win.cc(654)] Failed to read DnsConfig.
[1105/120555:WARNING:dns_config_service_win.cc(654)] Failed to read DnsConfig.
[1105/120600:WARNING:dns_config_service_win.cc(654)] Failed to read DnsConfig.
[1105/120605:WARNING:dns_config_service_win.cc(654)] Failed to read DnsConfig.
[1105/120610:WARNING:dns_config_service_win.cc(654)] Failed to read DnsConfig.
[1105/120615:WARNING:dns_config_service_win.cc(654)] Failed to read DnsConfig.
[1105/120620:WARNING:dns_config_service_win.cc(654)] Failed to read DnsConfig.
[1105/120625:WARNING:dns_config_service_win.cc(654)] Failed to read DnsConfig.
[1105/120630:WARNING:dns_config_service_win.cc(654)] Failed to read DnsConfig.
[1105/120635:WARNING:dns_config_service_win.cc(654)] Failed to read DnsConfig.
[1105/120640:WARNING:dns_config_service_win.cc(654)] Failed to read DnsConfig.
[1105/120645:WARNING:dns_config_service_win.cc(654)] Failed to read DnsConfig.
[1105/120650:WARNING:dns_config_service_win.cc(654)] Failed to read DnsConfig.
[1105/120655:WARNING:dns_config_service_win.cc(654)] Failed to read DnsConfig.
[1105/120700:WARNING:dns_config_service_win.cc(654)] Failed to read DnsConfig.
[1105/120705:WARNING:dns_config_service_win.cc(654)] Failed to read DnsConfig.
[1105/120710:WARNING:dns_config_service_win.cc(654)] Failed to read DnsConfig.
[1105/120715:WARNING:dns_config_service_win.cc(654)] Failed to read DnsConfig.
[1105/120720:WARNING:dns_config_service_win.cc(654)] Failed to read DnsConfig.
[1105/120725:WARNING:dns_config_service_win.cc(654)] Failed to read DnsConfig.
[1105/120730:WARNING:dns_config_service_win.cc(654)] Failed to read DnsConfig.
[1105/120735:WARNING:dns_config_service_win.cc(654)] Failed to read DnsConfig.
[1105/120740:WARNING:dns_config_service_win.cc(654)] Failed to read DnsConfig.
[1105/120745:WARNING:dns_config_service_win.cc(654)] Failed to read DnsConfig.
[1105/120750:WARNING:dns_config_service_win.cc(654)] Failed to read DnsConfig.
[1105/120755:WARNING:dns_config_service_win.cc(654)] Failed to read DnsConfig.
[1105/120800:WARNING:dns_config_service_win.cc(654)] Failed to read DnsConfig.
[1105/120805:WARNING:dns_config_service_win.cc(654)] Failed to read DnsConfig.
[1105/120810:WARNING:dns_config_service_win.cc(654)] Failed to read DnsConfig.
[1105/120815:WARNING:dns_config_service_win.cc(654)] Failed to read DnsConfig.
[1105/120820:WARNING:dns_config_service_win.cc(654)] Failed to read DnsConfig.
[1105/120825:WARNING:dns_config_service_win.cc(654)] Failed to read DnsConfig.
[1105/120830:WARNING:dns_config_service_win.cc(654)] Failed to read DnsConfig.
[1105/120835:WARNING:dns_config_service_win.cc(654)] Failed to read DnsConfig.
[1105/120840:WARNING:dns_config_service_win.cc(654)] Failed to read DnsConfig.
[1105/120845:WARNING:dns_config_service_win.cc(654)] Failed to read DnsConfig.
[1105/120850:WARNING:dns_config_service_win.cc(654)] Failed to read DnsConfig.
[1105/120855:WARNING:dns_config_service_win.cc(654)] Failed to read DnsConfig.
[1105/120900:WARNING:dns_config_service_win.cc(654)] Failed to read DnsConfig.
[1105/120905:WARNING:dns_config_service_win.cc(654)] Failed to read DnsConfig.
[1105/120910:WARNING:dns_config_service_win.cc(654)] Failed to read DnsConfig.
[1105/120915:WARNING:dns_config_service_win.cc(654)] Failed to read DnsConfig.
[1105/120920:WARNING:dns_config_service_win.cc(654)] Failed to read DnsConfig.
[1105/120925:WARNING:dns_config_service_win.cc(654)] Failed to read DnsConfig.
[1105/120930:WARNING:dns_config_service_win.cc(654)] Failed to read DnsConfig.
[1105/120936:WARNING:dns_config_service_win.cc(654)] Failed to read DnsConfig.
[1105/120941:WARNING:dns_config_service_win.cc(654)] Failed to read DnsConfig.
[1105/120946:WARNING:dns_config_service_win.cc(654)] Failed to read DnsConfig.
[1105/120951:WARNING:dns_config_service_win.cc(654)] Failed to read DnsConfig.
[1105/120956:WARNING:dns_config_service_win.cc(654)] Failed to read DnsConfig.
[1105/121001:WARNING:dns_config_service_win.cc(654)] Failed to read DnsConfig.
[1105/121006:WARNING:dns_config_service_win.cc(654)] Failed to read DnsConfig.
[1105/121011:WARNING:dns_config_service_win.cc(654)] Failed to read DnsConfig.
[1105/121016:WARNING:dns_config_service_win.cc(654)] Failed to read DnsConfig.
[1105/121021:WARNING:dns_config_service_win.cc(654)] Failed to read DnsConfig.
[1105/121026:WARNING:dns_config_service_win.cc(654)] Failed to read DnsConfig.
[1105/121031:WARNING:dns_config_service_win.cc(654)] Failed to read DnsConfig.
[1105/121036:WARNING:dns_config_service_win.cc(654)] Failed to read DnsConfig.
[1105/121041:WARNING:dns_config_service_win.cc(654)] Failed to read DnsConfig.
[1105/121046:WARNING:dns_config_service_win.cc(654)] Failed to read DnsConfig.
[1105/121051:WARNING:dns_config_service_win.cc(654)] Failed to read DnsConfig.
[1105/121056:WARNING:dns_config_service_win.cc(654)] Failed to read DnsConfig.
[1105/121101:WARNING:dns_config_service_win.cc(654)] Failed to read DnsConfig.
[1105/121106:WARNING:dns_config_service_win.cc(654)] Failed to read DnsConfig.
[1105/121111:WARNING:dns_config_service_win.cc(654)] Failed to read DnsConfig.
[1105/121116:WARNING:dns_config_service_win.cc(654)] Failed to read DnsConfig.
[1105/121121:WARNING:dns_config_service_win.cc(654)] Failed to read DnsConfig.
[1105/121126:WARNING:dns_config_service_win.cc(654)] Failed to read DnsConfig.
[1105/121131:WARNING:dns_config_service_win.cc(654)] Failed to read DnsConfig.
[1105/121136:WARNING:dns_config_service_win.cc(654)] Failed to read DnsConfig.
[1105/121141:WARNING:dns_config_service_win.cc(654)] Failed to read DnsConfig.
[1105/121146:WARNING:dns_config_service_win.cc(654)] Failed to read DnsConfig.
[1105/121151:WARNING:dns_config_service_win.cc(654)] Failed to read DnsConfig.
[1105/121156:WARNING:dns_config_service_win.cc(654)] Failed to read DnsConfig.
[1105/121201:WARNING:dns_config_service_win.cc(654)] Failed to read DnsConfig.
[1105/121206:WARNING:dns_config_service_win.cc(654)] Failed to read DnsConfig.
[1105/121211:WARNING:dns_config_service_win.cc(654)] Failed to read DnsConfig.
[1105/121216:WARNING:dns_config_service_win.cc(654)] Failed to read DnsConfig.
[1105/121221:WARNING:dns_config_service_win.cc(654)] Failed to read DnsConfig.
[1105/121226:WARNING:dns_config_service_win.cc(654)] Failed to read DnsConfig.
[1105/121231:WARNING:dns_config_service_win.cc(654)] Failed to read DnsConfig.
[1105/121236:WARNING:dns_config_service_win.cc(654)] Failed to read DnsConfig.
[1105/121241:WARNING:dns_config_service_win.cc(654)] Failed to read DnsConfig.
[1105/121246:WARNING:dns_config_service_win.cc(654)] Failed to read DnsConfig.
[1105/121251:WARNING:dns_config_service_win.cc(654)] Failed to read DnsConfig.
[1105/121256:WARNING:dns_config_service_win.cc(654)] Failed to read DnsConfig.
[1105/121301:WARNING:dns_config_service_win.cc(654)] Failed to read DnsConfig.
[1105/121306:WARNING:dns_config_service_win.cc(654)] Failed to read DnsConfig.
[1105/121311:WARNING:dns_config_service_win.cc(654)] Failed to read DnsConfig.
[1105/121316:WARNING:dns_config_service_win.cc(654)] Failed to read DnsConfig.
[1105/121321:WARNING:dns_config_service_win.cc(654)] Failed to read DnsConfig.
[1105/121326:WARNING:dns_config_service_win.cc(654)] Failed to read DnsConfig.
[1105/121331:WARNING:dns_config_service_win.cc(654)] Failed to read DnsConfig.
[1105/121336:WARNING:dns_config_service_win.cc(654)] Failed to read DnsConfig.
[1105/121341:WARNING:dns_config_service_win.cc(654)] Failed to read DnsConfig.
[1105/121346:WARNING:dns_config_service_win.cc(654)] Failed to read DnsConfig.
[1105/121351:WARNING:dns_config_service_win.cc(654)] Failed to read DnsConfig.
[1105/121356:WARNING:dns_config_service_win.cc(654)] Failed to read DnsConfig.
[1105/121401:WARNING:dns_config_service_win.cc(654)] Failed to read DnsConfig.
[1105/121406:WARNING:dns_config_service_win.cc(654)] Failed to read DnsConfig.
[1105/121411:WARNING:dns_config_service_win.cc(654)] Failed to read DnsConfig.
[1105/121416:WARNING:dns_config_service_win.cc(654)] Failed to read DnsConfig.
[1105/121421:WARNING:dns_config_service_win.cc(654)] Failed to read DnsConfig.
[1105/121426:WARNING:dns_config_service_win.cc(654)] Failed to read DnsConfig.
[1105/121431:WARNING:dns_config_service_win.cc(654)] Failed to read DnsConfig.
[1105/121436:WARNING:dns_config_service_win.cc(654)] Failed to read DnsConfig.
[1105/121441:WARNING:dns_config_service_win.cc(654)] Failed to read DnsConfig.
[1105/121446:WARNING:dns_config_service_win.cc(654)] Failed to read DnsConfig.
[1105/121451:WARNING:dns_config_service_win.cc(654)] Failed to read DnsConfig.
[1105/121456:WARNING:dns_config_service_win.cc(654)] Failed to read DnsConfig.
[1105/121501:WARNING:dns_config_service_win.cc(654)] Failed to read DnsConfig.
[1105/121506:WARNING:dns_config_service_win.cc(654)] Failed to read DnsConfig.
[1105/121511:WARNING:dns_config_service_win.cc(654)] Failed to read DnsConfig.
[1105/121516:WARNING:dns_config_service_win.cc(654)] Failed to read DnsConfig.
[1105/121521:WARNING:dns_config_service_win.cc(654)] Failed to read DnsConfig.
[1105/121526:WARNING:dns_config_service_win.cc(654)] Failed to read DnsConfig.
[1105/121531:WARNING:dns_config_service_win.cc(654)] Failed to read DnsConfig.
[1105/121536:WARNING:dns_config_service_win.cc(654)] Failed to read DnsConfig.
[1105/121541:WARNING:dns_config_service_win.cc(654)] Failed to read DnsConfig.
[1105/121546:WARNING:dns_config_service_win.cc(654)] Failed to read DnsConfig.
[1105/121551:WARNING:dns_config_service_win.cc(654)] Failed to read DnsConfig.
[1105/121556:WARNING:dns_config_service_win.cc(654)] Failed to read DnsConfig.
[1105/121601:WARNING:dns_config_service_win.cc(654)] Failed to read DnsConfig.
[1105/121606:WARNING:dns_config_service_win.cc(654)] Failed to read DnsConfig.
[1105/121611:WARNING:dns_config_service_win.cc(654)] Failed to read DnsConfig.
[1105/121616:WARNING:dns_config_service_win.cc(654)] Failed to read DnsConfig.
[1105/121621:WARNING:dns_config_service_win.cc(654)] Failed to read DnsConfig.
[1105/121626:WARNING:dns_config_service_win.cc(654)] Failed to read DnsConfig.
[1105/121631:WARNING:dns_config_service_win.cc(654)] Failed to read DnsConfig.
[1105/121636:WARNING:dns_config_service_win.cc(654)] Failed to read DnsConfig.
[1105/121641:WARNING:dns_config_service_win.cc(654)] Failed to read DnsConfig.
[1105/121646:WARNING:dns_config_service_win.cc(654)] Failed to read DnsConfig.
[1105/121651:WARNING:dns_config_service_win.cc(654)] Failed to read DnsConfig.
[1105/121656:WARNING:dns_config_service_win.cc(654)] Failed to read DnsConfig.
[1105/121701:WARNING:dns_config_service_win.cc(654)] Failed to read DnsConfig.
[1105/121706:WARNING:dns_config_service_win.cc(654)] Failed to read DnsConfig.
[1105/121711:WARNING:dns_config_service_win.cc(654)] Failed to read DnsConfig.
[1105/121716:WARNING:dns_config_service_win.cc(654)] Failed to read DnsConfig.
[1105/121721:WARNING:dns_config_service_win.cc(654)] Failed to read DnsConfig.
[1105/121726:WARNING:dns_config_service_win.cc(654)] Failed to read DnsConfig.
[1105/121731:WARNING:dns_config_service_win.cc(654)] Failed to read DnsConfig.
[1105/121736:WARNING:dns_config_service_win.cc(654)] Failed to read DnsConfig.
[1105/121741:WARNING:dns_config_service_win.cc(654)] Failed to read DnsConfig.
[1105/121746:WARNING:dns_config_service_win.cc(654)] Failed to read DnsConfig.
[1105/121751:WARNING:dns_config_service_win.cc(654)] Failed to read DnsConfig.
[1105/121756:WARNING:dns_config_service_win.cc(654)] Failed to read DnsConfig.
[1105/121801:WARNING:dns_config_service_win.cc(654)] Failed to read DnsConfig.
[1105/121806:WARNING:dns_config_service_win.cc(654)] Failed to read DnsConfig.
[1105/121811:WARNING:dns_config_service_win.cc(654)] Failed to read DnsConfig.
[1105/121816:WARNING:dns_config_service_win.cc(654)] Failed to read DnsConfig.
[1105/121821:WARNING:dns_config_service_win.cc(654)] Failed to read DnsConfig.
[1105/121826:WARNING:dns_config_service_win.cc(654)] Failed to read DnsConfig.
[1105/121831:WARNING:dns_config_service_win.cc(654)] Failed to read DnsConfig.
[1105/121836:WARNING:dns_config_service_win.cc(654)] Failed to read DnsConfig.
[1105/121841:WARNING:dns_config_service_win.cc(654)] Failed to read DnsConfig.
[1105/121846:WARNING:dns_config_service_win.cc(654)] Failed to read DnsConfig.
[1105/121851:WARNING:dns_config_service_win.cc(654)] Failed to read DnsConfig.
[1105/121856:WARNING:dns_config_service_win.cc(654)] Failed to read DnsConfig.
[1105/121901:WARNING:dns_config_service_win.cc(654)] Failed to read DnsConfig.
[1105/121906:WARNING:dns_config_service_win.cc(654)] Failed to read DnsConfig.
[1105/121911:WARNING:dns_config_service_win.cc(654)] Failed to read DnsConfig.
[1105/121916:WARNING:dns_config_service_win.cc(654)] Failed to read DnsConfig.
[1105/121921:WARNING:dns_config_service_win.cc(654)] Failed to read DnsConfig.
[1105/121926:WARNING:dns_config_service_win.cc(654)] Failed to read DnsConfig.
[1105/121931:WARNING:dns_config_service_win.cc(654)] Failed to read DnsConfig.
[1105/121936:WARNING:dns_config_service_win.cc(654)] Failed to read DnsConfig.
[1105/121941:WARNING:dns_config_service_win.cc(654)] Failed to read DnsConfig.
[1105/121946:WARNING:dns_config_service_win.cc(654)] Failed to read DnsConfig.
[1105/121951:WARNING:dns_config_service_win.cc(654)] Failed to read DnsConfig.
[1105/121956:WARNING:dns_config_service_win.cc(654)] Failed to read DnsConfig.
[1105/122001:WARNING:dns_config_service_win.cc(654)] Failed to read DnsConfig.
[1105/122006:WARNING:dns_config_service_win.cc(654)] Failed to read DnsConfig.
[1105/122011:WARNING:dns_config_service_win.cc(654)] Failed to read DnsConfig.
[1105/122016:WARNING:dns_config_service_win.cc(654)] Failed to read DnsConfig.
[1105/122021:WARNING:dns_config_service_win.cc(654)] Failed to read DnsConfig.
[1105/122026:WARNING:dns_config_service_win.cc(654)] Failed to read DnsConfig.
[1105/122031:WARNING:dns_config_service_win.cc(654)] Failed to read DnsConfig.
[1105/122036:WARNING:dns_config_service_win.cc(654)] Failed to read DnsConfig.
[1105/122041:WARNING:dns_config_service_win.cc(654)] Failed to read DnsConfig.
[1105/122046:WARNING:dns_config_service_win.cc(654)] Failed to read DnsConfig.
[1105/122051:WARNING:dns_config_service_win.cc(654)] Failed to read DnsConfig.
[1105/122056:WARNING:dns_config_service_win.cc(654)] Failed to read DnsConfig.
[1105/122101:WARNING:dns_config_service_win.cc(654)] Failed to read DnsConfig.
[1105/122106:WARNING:dns_config_service_win.cc(654)] Failed to read DnsConfig.
[1105/122111:WARNING:dns_config_service_win.cc(654)] Failed to read DnsConfig.
[1105/122116:WARNING:dns_config_service_win.cc(654)] Failed to read DnsConfig.
[1105/122121:WARNING:dns_config_service_win.cc(654)] Failed to read DnsConfig.
[1105/122126:WARNING:dns_config_service_win.cc(654)] Failed to read DnsConfig.
[1105/122131:WARNING:dns_config_service_win.cc(654)] Failed to read DnsConfig.
[1105/122136:WARNING:dns_config_service_win.cc(654)] Failed to read DnsConfig.
[1105/122141:WARNING:dns_config_service_win.cc(654)] Failed to read DnsConfig.
[1105/122146:WARNING:dns_config_service_win.cc(654)] Failed to read DnsConfig.
[1105/122151:WARNING:dns_config_service_win.cc(654)] Failed to read DnsConfig.
[1105/122156:WARNING:dns_config_service_win.cc(654)] Failed to read DnsConfig.
[1105/122201:WARNING:dns_config_service_win.cc(654)] Failed to read DnsConfig.
[1105/122206:WARNING:dns_config_service_win.cc(654)] Failed to read DnsConfig.
[1105/122211:WARNING:dns_config_service_win.cc(654)] Failed to read DnsConfig.
[1105/122216:WARNING:dns_config_service_win.cc(654)] Failed to read DnsConfig.
[1105/122221:WARNING:dns_config_service_win.cc(654)] Failed to read DnsConfig.
[1105/122226:WARNING:dns_config_service_win.cc(654)] Failed to read DnsConfig.
[1105/122231:WARNING:dns_config_service_win.cc(654)] Failed to read DnsConfig.
[1105/122236:WARNING:dns_config_service_win.cc(654)] Failed to read DnsConfig.
